Assignment4App/GiftcardSite/app/build/intermediates/manifest_merge_blame_file/debug/manifest-merger-blame-debug-report.txt
1<?xml version="1.0" encoding="utf-8"?>
2<manifest xmlns:android="http://schemas.android.com/apk/res/android"
3    package="com.example.giftcardsite"
4    android:versionCode="1"
5    android:versionName="1.0" >
6
7    <uses-sdk
8        android:minSdkVersion="16"
8-->src\main\AndroidManifest.xml
9        android:targetSdkVersion="30" />
9-->src\main\AndroidManifest.xml
10
11    <uses-permission android:name="android.permission.ACCESS_NETWORK_STATE" />
11-->src\main\AndroidManifest.xml:5:5-79
11-->src\main\AndroidManifest.xml:5:22-76
12    <uses-permission android:name="android.permission.INTERNET" />
12-->src\main\AndroidManifest.xml:6:5-67
12-->src\main\AndroidManifest.xml:6:22-64
13    //
14    <uses-permission android:name="android.permission.ACCESS_FINE_LOCATION" />
14-->src\main\AndroidManifest.xml:7:7-80
14-->src\main\AndroidManifest.xml:7:24-78
15    //
16    <uses-permission android:name="android.permission.ACCESS_COARSE_LOCATION" />
16-->src\main\AndroidManifest.xml:8:7-82
16-->src\main\AndroidManifest.xml:8:24-80
17    //
18    <uses-permission android:name="android.permission.ACCESS_FINE_LOCATION" />
18-->src\main\AndroidManifest.xml:7:7-80
18-->src\main\AndroidManifest.xml:7:24-78
19    //
20    <uses-permission android:name="android.permission.ACCESS_MOCK_LOCATION" />
20-->src\main\AndroidManifest.xml:10:7-80
20-->src\main\AndroidManifest.xml:10:24-78
21
22    <application
22-->src\main\AndroidManifest.xml:14:5-88:19
23        android:allowBackup="true"
23-->src\main\AndroidManifest.xml:15:9-35
24        android:appComponentFactory="androidx.core.app.CoreComponentFactory"
24-->[androidx.core:core:1.2.0] AndroidManifest.xml:24:18-86
25        android:debuggable="true"
26        android:icon="@mipmap/ic_launcher"
26-->src\main\AndroidManifest.xml:16:9-43
27        android:label="@string/app_name"
27-->src\main\AndroidManifest.xml:17:9-41
28        android:roundIcon="@mipmap/ic_launcher_round"
28-->src\main\AndroidManifest.xml:18:9-54
29        android:supportsRtl="true"
29-->src\main\AndroidManifest.xml:19:9-35
30        android:theme="@style/Theme.GiftcardSite"
30-->src\main\AndroidManifest.xml:20:9-50
31        android:usesCleartextTraffic="true" >
31-->src\main\AndroidManifest.xml:21:9-44
32        <activity
32-->src\main\AndroidManifest.xml:22:9-35:20
33            android:name="com.example.giftcardsite.UseCard"
33-->src\main\AndroidManifest.xml:23:13-36
34            android:label="@string/title_activity_use_card"
34-->src\main\AndroidManifest.xml:24:13-60
35            android:theme="@style/Theme.GiftcardSite.NoActionBar" >
35-->src\main\AndroidManifest.xml:25:13-66
36            <intent-filter>
36-->src\main\AndroidManifest.xml:26:13-34:29
37                <action android:name="android.intent.action.VIEW" />
37-->src\main\AndroidManifest.xml:27:13-65
37-->src\main\AndroidManifest.xml:27:21-62
38            //
39                <category android:name="android.intent.category.DEFAULT" />
39-->src\main\AndroidManifest.xml:29:15-74
39-->src\main\AndroidManifest.xml:29:25-71
40
41                <data android:mimeType="text/giftcards_use" />
41-->src\main\AndroidManifest.xml:31:13-59
41-->src\main\AndroidManifest.xml:31:19-56
42                <data android:scheme="giftcard" />
42-->src\main\AndroidManifest.xml:31:13-59
42-->src\main\AndroidManifest.xml:32:23-48
43                <data android:host="appsecclass.report" />
43-->src\main\AndroidManifest.xml:31:13-59
43-->src\main\AndroidManifest.xml:33:23-56
44            </intent-filter>
45        </activity>
46        <activity
46-->src\main\AndroidManifest.xml:36:9-49:20
47            android:name="com.example.giftcardsite.GetCard"
47-->src\main\AndroidManifest.xml:37:13-36
48            android:label="@string/title_activity_get_card"
48-->src\main\AndroidManifest.xml:38:13-60
49            android:theme="@style/Theme.GiftcardSite.NoActionBar" >
49-->src\main\AndroidManifest.xml:39:13-66
50            <intent-filter>
50-->src\main\AndroidManifest.xml:40:13-48:29
51                <action android:name="android.intent.action.VIEW" />
51-->src\main\AndroidManifest.xml:27:13-65
51-->src\main\AndroidManifest.xml:27:21-62
52            //
53                <category android:name="android.intent.category.DEFAULT" />
53-->src\main\AndroidManifest.xml:29:15-74
53-->src\main\AndroidManifest.xml:29:25-71
54
55                <data android:mimeType="text/giftcards_buy" />
55-->src\main\AndroidManifest.xml:31:13-59
55-->src\main\AndroidManifest.xml:31:19-56
56                <data android:scheme="giftcard" />
56-->src\main\AndroidManifest.xml:31:13-59
56-->src\main\AndroidManifest.xml:32:23-48
57                <data android:host="appsecclass.report" />
57-->src\main\AndroidManifest.xml:31:13-59
57-->src\main\AndroidManifest.xml:33:23-56
58            </intent-filter>
59        </activity>
60        <activity
60-->src\main\AndroidManifest.xml:50:9-63:20
61            android:name="com.example.giftcardsite.ProductScrollingActivity"
61-->src\main\AndroidManifest.xml:51:13-53
62            android:label="@string/title_activity_scrolling"
62-->src\main\AndroidManifest.xml:52:13-61
63            android:theme="@style/Theme.GiftcardSite.NoActionBar" >
63-->src\main\AndroidManifest.xml:53:13-66
64            <intent-filter>
64-->src\main\AndroidManifest.xml:54:13-62:29
65                <action android:name="android.intent.action.VIEW" />
65-->src\main\AndroidManifest.xml:27:13-65
65-->src\main\AndroidManifest.xml:27:21-62
66                //
67                <category android:name="android.intent.category.DEFAULT" />
67-->src\main\AndroidManifest.xml:29:15-74
67-->src\main\AndroidManifest.xml:29:25-71
68
69                <data android:mimeType="text/giftcards_browse" />
69-->src\main\AndroidManifest.xml:31:13-59
69-->src\main\AndroidManifest.xml:31:19-56
70                <data android:scheme="giftcard" />
70-->src\main\AndroidManifest.xml:31:13-59
70-->src\main\AndroidManifest.xml:32:23-48
71                <data android:host="appsecclass.report" />
71-->src\main\AndroidManifest.xml:31:13-59
71-->src\main\AndroidManifest.xml:33:23-56
72            </intent-filter>
73        </activity>
74        <activity
74-->src\main\AndroidManifest.xml:64:9-73:20
75            android:name="com.example.giftcardsite.MainActivity"
75-->src\main\AndroidManifest.xml:65:13-41
76            android:label="@string/app_name"
76-->src\main\AndroidManifest.xml:66:13-45
77            android:theme="@style/Theme.GiftcardSite.NoActionBar" >
77-->src\main\AndroidManifest.xml:67:13-66
78            <intent-filter>
78-->src\main\AndroidManifest.xml:68:13-72:29
79                <action android:name="android.intent.action.MAIN" />
79-->src\main\AndroidManifest.xml:69:17-69
79-->src\main\AndroidManifest.xml:69:25-66
80
81                <category android:name="android.intent.category.LAUNCHER" />
81-->src\main\AndroidManifest.xml:71:17-77
81-->src\main\AndroidManifest.xml:71:27-74
82            </intent-filter>
83        </activity>
84        <activity
84-->src\main\AndroidManifest.xml:74:9-87:20
85            android:name="com.example.giftcardsite.CardScrollingActivity"
85-->src\main\AndroidManifest.xml:75:13-50
86            android:label="@string/title_activity_scrolling_card"
86-->src\main\AndroidManifest.xml:76:13-66
87            android:theme="@style/Theme.GiftcardSite.NoActionBar" >
87-->src\main\AndroidManifest.xml:77:13-66
88            <intent-filter>
88-->src\main\AndroidManifest.xml:78:13-86:29
89                <action android:name="android.intent.action.VIEW" />
89-->src\main\AndroidManifest.xml:27:13-65
89-->src\main\AndroidManifest.xml:27:21-62
90                //
91                <category android:name="android.intent.category.DEFAULT" />
91-->src\main\AndroidManifest.xml:29:15-74
91-->src\main\AndroidManifest.xml:29:25-71
92
93                <data android:mimeType="text/giftcards_list" />
93-->src\main\AndroidManifest.xml:31:13-59
93-->src\main\AndroidManifest.xml:31:19-56
94                <data android:scheme="giftcard" />
94-->src\main\AndroidManifest.xml:31:13-59
94-->src\main\AndroidManifest.xml:32:23-48
95                <data android:host="appsecclass.report" />
95-->src\main\AndroidManifest.xml:31:13-59
95-->src\main\AndroidManifest.xml:33:23-56
96            </intent-filter>
97        </activity>
98    </application>
99
100</manifest>